<?xml version="1.0" encoding="UTF-8"?>
<beans xmlns="http://www.springframework.org/schema/beans"
	xmlns:xsi="http://www.w3.org/2001/XMLSchema-instance" xmlns:jdbc="http://www.springframework.org/schema/jdbc"
	xsi:schemaLocation="http://www.springframework.org/schema/jdbc http://www.springframework.org/schema/jdbc/spring-jdbc-3.1.xsd
		http://www.springframework.org/schema/beans http://www.springframework.org/schema/beans/spring-beans.xsd">

	<jdbc:embedded-database type="H2" id="tbnDataSource">
		<jdbc:script location="classpath:in-memory/create_sequences.sql" />
		<jdbc:script location="classpath:in-memory/create_tables.sql" />
		<jdbc:script location="classpath:in-memory/create_tables_batch.sql" />
		<jdbc:script location="classpath:in-memory/create_indices.sql" />
		<jdbc:script location="classpath:in-memory/insert_data_tbn.sql" />
		<jdbc:script location="classpath:in-memory/insert_konstanten.sql" />
		<jdbc:script location="classpath:in-memory/insert_variablenplan.sql" />
	</jdbc:embedded-database>

</beans>
